Arguments: 
  C:\Program Files\nodejs\node.exe C:\Program Files (x86)\Yarn\bin\yarn.js add react-navigation

PATH: 
  C:\Program Files\Git\mingw64\bin;C:\Program Files\Git\usr\bin;C:\Users\Nascimento\bin;C:\Python27;C:\Python27\Scripts;C:\Program Files (x86)\EasyPHP-DevServer-14.1VC9\binaries\php\php_runningversion;C:\Program Files (x86)\Common Files\Oracle\Java\javapath;C:\WINDOWS\system32;C:\WINDOWS;C:\WINDOWS\System32\Wbem;C:\WINDOWS\System32\WindowsPowerShell\v1.0;C:\ProgramData\ComposerSetup\bin;C:\Program Files\Java\jdk1.8.0_171\bin;C:\Program Files (x86)\EasyPHP-Devserver-17\eds-binaries\php\php713vc14x86x180513225722;C:\WINDOWS\System32\OpenSSH;C:\Program Files\Git\cmd;C:\ProgramData\chocolatey\bin;C:\Program Files\nodejs;C:\Program Files\Java\jdk1.8.0_211\bin;C:\Users\Nascimento\AppData\Local\Android\Sdk\platform-tools;C:\Users\Nascimento\AppData\Local\Android\Sdk\tools;C:\Program Files (x86)\Yarn\bin;C:\Program Files\PostgreSQL\9.5\bin;C:\Users\Nascimento\AppData\Local\Microsoft\WindowsApps;C:\Users\Nascimento\AppData\Roaming\Composer\vendor\bin;C:\Users\Nascimento\AppData\Local\GitHubDesktop\bin;C:\Program Files\heroku\bin;C:\Users\Nascimento\AppData\Roaming\npm;C:\Users\Nascimento\AppData\Local\Programs\Microsoft VS Code\bin;C:\Users\Nascimento\AppData\Local\Yarn\bin;C:\Users\Nascimento\AppData\Local\Android\Sdk\emulator;C:\Users\Nascimento\AppData\Local\Android\Sdk\tools;C:\Users\Nascimento\AppData\Local\Android\Sdk\tools\bin;C:\Users\Nascimento\AppData\Local\Android\Sdk\platform-tools;C:\Users\Nascimento\AppData\Local\Microsoft\WindowsApps

Yarn version: 
  1.17.3

Node version: 
  12.5.0

Platform: 
  win32 x64

Trace: 
  Error: EPERM: operation not permitted, unlink 'C:\xampp\htdocs\ReactNative\curso-react-native\frontend-mobile-omnistack\node_modules\@react-native-community\cli\node_modules\node-fetch\lib'

npm manifest: 
  {
    "main": "node_modules/expo/AppEntry.js",
    "scripts": {
      "start": "expo start",
      "android": "expo start --android",
      "ios": "expo start --ios",
      "web": "expo start --web",
      "eject": "expo eject"
    },
    "dependencies": {
      "expo": "^35.0.0",
      "react": "16.8.3",
      "react-dom": "16.8.3",
      "react-native": "https://github.com/expo/react-native/archive/sdk-35.0.0.tar.gz",
      "react-native-web": "^0.11.7"
    },
    "devDependencies": {
      "babel-preset-expo": "^7.1.0"
    },
    "private": true
  }

yarn manifest: 
  No manifest

Lockfile: 
  No lockfile
